c:\users\edlafem1\documents\githubvisualstudio\dllinjector\src\release64\vc140.pdb
c:\users\edlafem1\documents\githubvisualstudio\dllinjector\src\release64\loadlibraryr.nativecodeanalysis.xml
c:\users\edlafem1\documents\githubvisualstudio\dllinjector\src\release64\execthread.nativecodeanalysis.xml
c:\users\edlafem1\documents\githubvisualstudio\dllinjector\src\release64\dllinject.nativecodeanalysis.xml
c:\users\edlafem1\documents\githubvisualstudio\dllinjector\src\release64\allocwritedll.nativecodeanalysis.xml
c:\users\edlafem1\documents\githubvisualstudio\dllinjector\src\release64\allocwritedll.obj
c:\users\edlafem1\documents\githubvisualstudio\dllinjector\src\release64\dllinject.obj
c:\users\edlafem1\documents\githubvisualstudio\dllinjector\src\release64\execthread.obj
c:\users\edlafem1\documents\githubvisualstudio\dllinjector\src\release64\loadlibraryr.obj
c:\users\edlafem1\documents\githubvisualstudio\dllinjector\release64\dllinjector.exe
c:\users\edlafem1\documents\githubvisualstudio\dllinjector\release64\dllinjector.ipdb
c:\users\edlafem1\documents\githubvisualstudio\dllinjector\release64\dllinjector.iobj
c:\users\edlafem1\documents\githubvisualstudio\dllinjector\release64\dllinjector.pdb
c:\users\edlafem1\documents\githubvisualstudio\dllinjector\src\release64\dllinjector.rc.res
c:\users\edlafem1\documents\githubvisualstudio\dllinjector\src\release64\nativecodeanalysis.read.1.tlog
c:\users\edlafem1\documents\githubvisualstudio\dllinjector\src\release64\vc.nativecodeanalysis.all.xml
c:\users\edlafem1\documents\githubvisualstudio\dllinjector\release64\dllinjector.exe.lastcodeanalysissucceeded
c:\users\edlafem1\documents\githubvisualstudio\dllinjector\src\release64\dllinjector.tlog\cl.command.1.tlog
c:\users\edlafem1\documents\githubvisualstudio\dllinjector\src\release64\dllinjector.tlog\cl.read.1.tlog
c:\users\edlafem1\documents\githubvisualstudio\dllinjector\src\release64\dllinjector.tlog\cl.write.1.tlog
c:\users\edlafem1\documents\githubvisualstudio\dllinjector\src\release64\dllinjector.tlog\link.command.1.tlog
c:\users\edlafem1\documents\githubvisualstudio\dllinjector\src\release64\dllinjector.tlog\link.read.1.tlog
c:\users\edlafem1\documents\githubvisualstudio\dllinjector\src\release64\dllinjector.tlog\link.write.1.tlog
c:\users\edlafem1\documents\githubvisualstudio\dllinjector\src\release64\dllinjector.tlog\rc.command.1.tlog
c:\users\edlafem1\documents\githubvisualstudio\dllinjector\src\release64\dllinjector.tlog\rc.read.1.tlog
c:\users\edlafem1\documents\githubvisualstudio\dllinjector\src\release64\dllinjector.tlog\rc.write.1.tlog
